Base path: /Applications/Unity/Unity.app/Contents
Pipe name: \\.\pipe\UnityShaderCompiler-64bit-3-704761856
Cmd: getPlatforms
Cmd: compileSnippet
  api=0 type=0 insize=7139 outsize=3207 kw=DIRECTIONAL SHADOWS_SCREEN LIGHTMAP_OFF DIRLIGHTMAP_OFF DYNAMICLIGHTMAP_OFF pd= ok=1
Cmd: compileSnippet
  api=0 type=0 insize=7139 outsize=3117 kw=DIRECTIONAL SHADOWS_SCREEN LIGHTMAP_OFF DIRLIGHTMAP_COMBINED DYNAMICLIGHTMAP_ON VERTEXLIGHT_ON pd= ok=1
Cmd: compileSnippet
  api=0 type=1 insize=7139 outsize=6 kw=DIRECTIONAL SHADOWS_SCREEN LIGHTMAP_OFF DIRLIGHTMAP_COMBINED DYNAMICLIGHTMAP_ON pd= ok=1
Cmd: compileSnippet
  api=0 type=0 insize=3868 outsize=2291 kw=POINT_COOKIE pd= ok=1
Cmd: compileSnippet
  api=0 type=1 insize=3868 outsize=6 kw=POINT_COOKIE pd= ok=1
Cmd: compileSnippet
  api=0 type=0 insize=6052 outsize=3230 kw=LIGHTMAP_OFF DIRLIGHTMAP_COMBINED DYNAMICLIGHTMAP_ON HDR_LIGHT_PREPASS_OFF pd= ok=1
Cmd: compileSnippet
  api=0 type=1 insize=6052 outsize=6 kw=LIGHTMAP_OFF DIRLIGHTMAP_OFF DYNAMICLIGHTMAP_OFF UNITY_HDR_ON pd= ok=1
Cmd: compileSnippet
  api=0 type=0 insize=6241 outsize=2651 kw=LIGHTMAP_OFF DIRLIGHTMAP_OFF DYNAMICLIGHTMAP_OFF UNITY_HDR_ON pd= ok=1
Cmd: compileSnippet
  api=0 type=1 insize=6241 outsize=6 kw=LIGHTMAP_OFF DIRLIGHTMAP_OFF DYNAMICLIGHTMAP_OFF UNITY_HDR_ON pd= ok=1
Cmd: compileSnippet
  api=0 type=0 insize=6845 outsize=3488 kw=DIRECTIONAL LIGHTMAP_OFF DIRLIGHTMAP_OFF DYNAMICLIGHTMAP_OFF VERTEXLIGHT_ON pd= ok=1
Cmd: compileSnippet
  api=0 type=0 insize=3617 outsize=1672 kw=DIRECTIONAL_COOKIE pd= ok=1
Cmd: compileSnippet
  api=0 type=1 insize=3617 outsize=6 kw=DIRECTIONAL_COOKIE pd= ok=1
Cmd: compileSnippet
  api=0 type=0 insize=4587 outsize=3223 kw=POINT pd= ok=1
Cmd: compileSnippet
  api=0 type=0 insize=977 outsize=11379 kw=DIRECTIONAL SHADOWS_SCREEN LIGHTMAP_OFF DIRLIGHTMAP_COMBINED DYNAMICLIGHTMAP_ON pd= ok=1
Cmd: compileSnippet
  api=0 type=0 insize=977 outsize=10957 kw=DIRECTIONAL SHADOWS_OFF LIGHTMAP_OFF DIRLIGHTMAP_COMBINED DYNAMICLIGHTMAP_ON _SPECGLOSSMAP pd= ok=1
Cmd: compileSnippet
  api=0 type=0 insize=977 outsize=10957 kw=DIRECTIONAL SHADOWS_OFF LIGHTMAP_OFF DIRLIGHTMAP_COMBINED DYNAMICLIGHTMAP_ON VERTEXLIGHT_ON _SPECGLOSSMAP pd= ok=1
Cmd: compileSnippet
  api=0 type=0 insize=977 outsize=11825 kw=DIRECTIONAL SHADOWS_SCREEN LIGHTMAP_OFF DIRLIGHTMAP_COMBINED DYNAMICLIGHTMAP_ON _NORMALMAP pd= ok=1
Cmd: compileSnippet
  api=0 type=0 insize=977 outsize=11825 kw=DIRECTIONAL SHADOWS_SCREEN LIGHTMAP_OFF DIRLIGHTMAP_COMBINED DYNAMICLIGHTMAP_ON VERTEXLIGHT_ON _NORMALMAP pd= ok=1
Cmd: compileSnippet
  api=0 type=0 insize=977 outsize=11403 kw=DIRECTIONAL SHADOWS_OFF LIGHTMAP_OFF DIRLIGHTMAP_COMBINED DYNAMICLIGHTMAP_ON VERTEXLIGHT_ON _SPECGLOSSMAP _NORMALMAP pd= ok=1
Cmd: compileSnippet
  api=0 type=1 insize=977 outsize=6 kw=DIRECTIONAL SHADOWS_OFF LIGHTMAP_OFF DIRLIGHTMAP_COMBINED DYNAMICLIGHTMAP_ON pd= ok=1
Cmd: compileSnippet
  api=0 type=1 insize=977 outsize=6 kw=DIRECTIONAL SHADOWS_SCREEN LIGHTMAP_OFF DIRLIGHTMAP_OFF DYNAMICLIGHTMAP_OFF _SPECGLOSSMAP pd= ok=1
Cmd: compileSnippet
  api=0 type=1 insize=977 outsize=6 kw=DIRECTIONAL SHADOWS_SCREEN LIGHTMAP_OFF DIRLIGHTMAP_COMBINED DYNAMICLIGHTMAP_ON _NORMALMAP pd= ok=1
Cmd: compileSnippet
  api=0 type=0 insize=934 outsize=6485 kw=SPOT SHADOWS_DEPTH SHADOWS_NATIVE pd= ok=1
Cmd: compileSnippet
  api=0 type=0 insize=934 outsize=6836 kw=POINT_COOKIE SHADOWS_CUBE pd= ok=1
Cmd: compileSnippet
  api=0 type=0 insize=934 outsize=5985 kw=POINT SHADOWS_OFF _SPECGLOSSMAP pd= ok=1
Cmd: compileSnippet
  api=0 type=0 insize=934 outsize=6155 kw=SPOT SHADOWS_OFF _SPECGLOSSMAP pd= ok=1
Cmd: compileSnippet
  api=0 type=0 insize=934 outsize=6332 kw=DIRECTIONAL_COOKIE SHADOWS_SCREEN _SPECGLOSSMAP pd= ok=1
Cmd: compileSnippet
  api=0 type=0 insize=934 outsize=7687 kw=POINT SHADOWS_CUBE SHADOWS_SOFT _SPECGLOSSMAP pd= ok=1
Cmd: compileSnippet
  api=0 type=0 insize=934 outsize=6240 kw=DIRECTIONAL_COOKIE SHADOWS_OFF _NORMALMAP pd= ok=1
Cmd: compileSnippet
  api=0 type=0 insize=934 outsize=7092 kw=POINT SHADOWS_CUBE _NORMALMAP pd= ok=1
Cmd: compileSnippet
  api=0 type=0 insize=934 outsize=8160 kw=POINT_COOKIE SHADOWS_CUBE SHADOWS_SOFT _NORMALMAP pd= ok=1
Cmd: compileSnippet
  api=0 type=0 insize=934 outsize=6487 kw=DIRECTIONAL SHADOWS_SCREEN _SPECGLOSSMAP _NORMALMAP pd= ok=1
Cmd: compileSnippet
  api=0 type=0 insize=934 outsize=7272 kw=POINT_COOKIE SHADOWS_CUBE _SPECGLOSSMAP _NORMALMAP pd= ok=1
Cmd: compileSnippet
  api=0 type=1 insize=934 outsize=6 kw=SPOT SHADOWS_DEPTH SHADOWS_NATIVE pd= ok=1
Cmd: compileSnippet
  api=0 type=1 insize=934 outsize=6 kw=POINT_COOKIE SHADOWS_CUBE pd= ok=1
Cmd: compileSnippet
  api=0 type=1 insize=934 outsize=6 kw=POINT SHADOWS_OFF _SPECGLOSSMAP pd= ok=1
Cmd: compileSnippet
  api=0 type=1 insize=934 outsize=6 kw=DIRECTIONAL_COOKIE SHADOWS_OFF _SPECGLOSSMAP pd= ok=1
Cmd: compileSnippet
  api=0 type=1 insize=934 outsize=6 kw=POINT SHADOWS_CUBE _SPECGLOSSMAP pd= ok=1
Cmd: compileSnippet
  api=0 type=1 insize=934 outsize=6 kw=POINT_COOKIE SHADOWS_CUBE SHADOWS_SOFT _SPECGLOSSMAP pd= ok=1
Cmd: compileSnippet
  api=0 type=1 insize=934 outsize=6 kw=POINT_COOKIE SHADOWS_OFF _NORMALMAP pd= ok=1
Cmd: compileSnippet
  api=0 type=1 insize=934 outsize=6 kw=DIRECTIONAL_COOKIE SHADOWS_SCREEN _NORMALMAP pd= ok=1
Cmd: compileSnippet
  api=0 type=1 insize=934 outsize=6 kw=SPOT SHADOWS_DEPTH SHADOWS_NATIVE _SPECGLOSSMAP _NORMALMAP pd= ok=1
Cmd: compileSnippet
  api=0 type=1 insize=934 outsize=6 kw=POINT_COOKIE SHADOWS_CUBE _SPECGLOSSMAP _NORMALMAP pd= ok=1
Cmd: compileSnippet
  api=0 type=0 insize=751 outsize=487 kw=SHADOWS_CUBE pd= ok=1
Cmd: compileSnippet
  api=0 type=0 insize=1148 outsize=4035 kw=LIGHTMAP_OFF DIRLIGHTMAP_OFF DYNAMICLIGHTMAP_OFF _SPECGLOSSMAP pd= ok=1
Cmd: compileSnippet
  api=0 type=0 insize=1148 outsize=5066 kw=LIGHTMAP_OFF DIRLIGHTMAP_COMBINED DYNAMICLIGHTMAP_OFF _SPECGLOSSMAP pd= ok=1
Cmd: compileSnippet
  api=0 type=0 insize=1148 outsize=4960 kw=LIGHTMAP_OFF DIRLIGHTMAP_COMBINED DYNAMICLIGHTMAP_ON _SPECGLOSSMAP pd= ok=1
Cmd: compileSnippet
  api=0 type=0 insize=1148 outsize=5066 kw=LIGHTMAP_OFF DIRLIGHTMAP_SEPARATE DYNAMICLIGHTMAP_OFF _SPECGLOSSMAP pd= ok=1
Cmd: compileSnippet
  api=0 type=0 insize=1148 outsize=4054 kw=LIGHTMAP_OFF DIRLIGHTMAP_OFF DYNAMICLIGHTMAP_OFF UNITY_HDR_ON pd= ok=1
Cmd: compileSnippet
  api=0 type=0 insize=1148 outsize=5085 kw=LIGHTMAP_OFF DIRLIGHTMAP_COMBINED DYNAMICLIGHTMAP_OFF UNITY_HDR_ON pd= ok=1
Cmd: compileSnippet
  api=0 type=0 insize=1148 outsize=4979 kw=LIGHTMAP_OFF DIRLIGHTMAP_COMBINED DYNAMICLIGHTMAP_ON UNITY_HDR_ON pd= ok=1
Cmd: compileSnippet
  api=0 type=0 insize=1148 outsize=5085 kw=LIGHTMAP_OFF DIRLIGHTMAP_SEPARATE DYNAMICLIGHTMAP_OFF UNITY_HDR_ON pd= ok=1
Cmd: compileSnippet
  api=0 type=1 insize=1148 outsize=6 kw=LIGHTMAP_OFF DIRLIGHTMAP_OFF DYNAMICLIGHTMAP_OFF _SPECGLOSSMAP pd= ok=1
Cmd: compileSnippet
  api=0 type=1 insize=1148 outsize=6 kw=LIGHTMAP_OFF DIRLIGHTMAP_COMBINED DYNAMICLIGHTMAP_OFF pd= ok=1
Cmd: compileSnippet
  api=0 type=1 insize=1148 outsize=6 kw=LIGHTMAP_OFF DIRLIGHTMAP_COMBINED DYNAMICLIGHTMAP_ON pd= ok=1
Cmd: compileSnippet
  api=0 type=1 insize=1148 outsize=6 kw=LIGHTMAP_OFF DIRLIGHTMAP_SEPARATE DYNAMICLIGHTMAP_OFF pd= ok=1
Cmd: compileSnippet
  api=0 type=1 insize=1148 outsize=6 kw=LIGHTMAP_OFF DIRLIGHTMAP_OFF DYNAMICLIGHTMAP_OFF UNITY_HDR_ON pd= ok=1
Cmd: compileSnippet
  api=0 type=1 insize=1148 outsize=6 kw=LIGHTMAP_OFF DIRLIGHTMAP_COMBINED DYNAMICLIGHTMAP_OFF UNITY_HDR_ON pd= ok=1
Cmd: compileSnippet
  api=0 type=1 insize=1148 outsize=6 kw=LIGHTMAP_OFF DIRLIGHTMAP_COMBINED DYNAMICLIGHTMAP_ON UNITY_HDR_ON pd= ok=1
Cmd: compileSnippet
  api=0 type=1 insize=1148 outsize=6 kw=LIGHTMAP_OFF DIRLIGHTMAP_SEPARATE DYNAMICLIGHTMAP_OFF UNITY_HDR_ON pd= ok=1
Cmd: compileSnippet
  api=0 type=0 insize=526 outsize=2897 kw=_SPECGLOSSMAP pd= ok=1
Cmd: compileSnippet
  api=0 type=0 insize=903 outsize=5442 kw=DIRECTIONAL SHADOWS_SCREEN LIGHTMAP_OFF DIRLIGHTMAP_OFF DYNAMICLIGHTMAP_OFF pd= ok=1
Cmd: compileSnippet
  api=0 type=0 insize=903 outsize=5459 kw=DIRECTIONAL SHADOWS_SCREEN LIGHTMAP_OFF DIRLIGHTMAP_OFF DYNAMICLIGHTMAP_OFF _SPECGLOSSMAP pd= ok=1
Cmd: compileSnippet
  api=0 type=0 insize=903 outsize=6782 kw=DIRECTIONAL SHADOWS_SCREEN LIGHTMAP_OFF DIRLIGHTMAP_OFF DYNAMICLIGHTMAP_OFF _NORMALMAP pd= ok=1
Cmd: compileSnippet
  api=0 type=0 insize=903 outsize=6799 kw=DIRECTIONAL SHADOWS_SCREEN LIGHTMAP_OFF DIRLIGHTMAP_OFF DYNAMICLIGHTMAP_OFF _SPECGLOSSMAP _NORMALMAP pd= ok=1
Cmd: compileSnippet
  api=0 type=1 insize=903 outsize=6 kw=DIRECTIONAL SHADOWS_SCREEN LIGHTMAP_OFF DIRLIGHTMAP_OFF DYNAMICLIGHTMAP_OFF pd= ok=1
Cmd: compileSnippet
  api=0 type=1 insize=903 outsize=6 kw=DIRECTIONAL SHADOWS_SCREEN LIGHTMAP_OFF DIRLIGHTMAP_OFF DYNAMICLIGHTMAP_OFF _NORMALMAP pd= ok=1
Cmd: compileSnippet
  api=0 type=0 insize=812 outsize=4403 kw=DIRECTIONAL SHADOWS_OFF pd= ok=1
Cmd: compileSnippet
  api=0 type=0 insize=812 outsize=4637 kw=DIRECTIONAL_COOKIE SHADOWS_OFF pd= ok=1
Cmd: compileSnippet
  api=0 type=0 insize=812 outsize=5387 kw=POINT SHADOWS_CUBE pd= ok=1
Cmd: compileSnippet
  api=0 type=0 insize=812 outsize=4889 kw=SPOT SHADOWS_OFF _SPECGLOSSMAP pd= ok=1
Cmd: compileSnippet
  api=0 type=0 insize=812 outsize=4885 kw=DIRECTIONAL SHADOWS_SCREEN _SPECGLOSSMAP pd= ok=1
Cmd: compileSnippet
  api=0 type=0 insize=812 outsize=4941 kw=POINT SHADOWS_OFF _NORMALMAP pd= ok=1
Cmd: compileSnippet
  api=0 type=0 insize=812 outsize=5491 kw=SPOT SHADOWS_DEPTH SHADOWS_NATIVE _NORMALMAP pd= ok=1
Cmd: compileSnippet
  api=0 type=0 insize=812 outsize=5784 kw=POINT_COOKIE SHADOWS_CUBE _NORMALMAP pd= ok=1
Cmd: compileSnippet
  api=0 type=0 insize=812 outsize=5080 kw=POINT_COOKIE SHADOWS_OFF _SPECGLOSSMAP _NORMALMAP pd= ok=1
Cmd: compileSnippet
  api=0 type=0 insize=812 outsize=5384 kw=DIRECTIONAL_COOKIE SHADOWS_SCREEN _SPECGLOSSMAP _NORMALMAP pd= ok=1
Cmd: compileSnippet
  api=0 type=1 insize=812 outsize=6 kw=DIRECTIONAL SHADOWS_OFF pd= ok=1
Cmd: compileSnippet
  api=0 type=1 insize=812 outsize=6 kw=DIRECTIONAL_COOKIE SHADOWS_OFF pd= ok=1
Cmd: compileSnippet
  api=0 type=1 insize=812 outsize=6 kw=POINT SHADOWS_CUBE pd= ok=1
Cmd: compileSnippet
  api=0 type=1 insize=812 outsize=6 kw=SPOT SHADOWS_OFF _SPECGLOSSMAP pd= ok=1
Cmd: compileSnippet
  api=0 type=1 insize=812 outsize=6 kw=DIRECTIONAL SHADOWS_SCREEN _SPECGLOSSMAP pd= ok=1
Cmd: compileSnippet
  api=0 type=1 insize=812 outsize=6 kw=POINT SHADOWS_OFF _NORMALMAP pd= ok=1
Cmd: compileSnippet
  api=0 type=1 insize=812 outsize=6 kw=DIRECTIONAL_COOKIE SHADOWS_OFF _NORMALMAP pd= ok=1
Cmd: compileSnippet
  api=0 type=1 insize=812 outsize=6 kw=POINT SHADOWS_CUBE _NORMALMAP pd= ok=1
Cmd: compileSnippet
  api=0 type=1 insize=812 outsize=6 kw=SPOT SHADOWS_OFF _SPECGLOSSMAP _NORMALMAP pd= ok=1
Cmd: compileSnippet
  api=0 type=1 insize=812 outsize=6 kw=DIRECTIONAL SHADOWS_SCREEN _SPECGLOSSMAP _NORMALMAP pd= ok=1
Cmd: compileSnippet
  api=0 type=0 insize=600 outsize=487 kw=SHADOWS_CUBE pd= ok=1
Cmd: compileSnippet
  api=0 type=0 insize=526 outsize=2897 kw=_SPECGLOSSMAP pd= ok=1
Cmd: compileSnippet
  api=0 type=0 insize=982 outsize=11053 kw=DIRECTIONAL SHADOWS_OFF LIGHTMAP_OFF DIRLIGHTMAP_COMBINED DYNAMICLIGHTMAP_ON pd= ok=1
Cmd: compileSnippet
  api=0 type=0 insize=982 outsize=12856 kw=DIRECTIONAL SHADOWS_OFF LIGHTMAP_OFF DIRLIGHTMAP_OFF DYNAMICLIGHTMAP_OFF VERTEXLIGHT_ON _NORMALMAP pd= ok=1
Cmd: compileSnippet
  api=0 type=0 insize=938 outsize=6048 kw=DIRECTIONAL_COOKIE SHADOWS_OFF pd= ok=1
Cmd: compileSnippet
  api=0 type=0 insize=938 outsize=6681 kw=SPOT SHADOWS_DEPTH SHADOWS_NATIVE pd= ok=1
Cmd: compileSnippet
  api=0 type=0 insize=938 outsize=7165 kw=SPOT SHADOWS_DEPTH SHADOWS_SOFT SHADOWS_NATIVE pd= ok=1
Cmd: compileSnippet
  api=0 type=0 insize=938 outsize=6609 kw=POINT_COOKIE SHADOWS_OFF _NORMALMAP pd= ok=1
Cmd: compileSnippet
  api=0 type=0 insize=938 outsize=6867 kw=DIRECTIONAL_COOKIE SHADOWS_SCREEN _NORMALMAP pd= ok=1
Cmd: compileSnippet
  api=0 type=0 insize=938 outsize=8225 kw=POINT SHADOWS_CUBE SHADOWS_SOFT _NORMALMAP pd= ok=1
Cmd: compileSnippet
  api=0 type=1 insize=938 outsize=6 kw=SPOT SHADOWS_OFF pd= ok=1
Cmd: compileSnippet
  api=0 type=1 insize=938 outsize=6 kw=DIRECTIONAL SHADOWS_SCREEN pd= ok=1
Cmd: compileSnippet
  api=0 type=1 insize=938 outsize=6 kw=SPOT SHADOWS_DEPTH SHADOWS_SOFT SHADOWS_NATIVE pd= ok=1
Cmd: compileSnippet
  api=0 type=1 insize=938 outsize=6 kw=SPOT SHADOWS_DEPTH SHADOWS_NATIVE _NORMALMAP pd= ok=1
Cmd: compileSnippet
  api=0 type=1 insize=938 outsize=6 kw=POINT SHADOWS_CUBE _NORMALMAP pd= ok=1
Cmd: compileSnippet
  api=0 type=0 insize=751 outsize=487 kw=SHADOWS_CUBE pd= ok=1
Cmd: compileSnippet
  api=0 type=0 insize=1152 outsize=5246 kw=LIGHTMAP_OFF DIRLIGHTMAP_COMBINED DYNAMICLIGHTMAP_OFF pd= ok=1
Cmd: compileSnippet
  api=0 type=0 insize=1152 outsize=5586 kw=LIGHTMAP_OFF DIRLIGHTMAP_COMBINED DYNAMICLIGHTMAP_ON _NORMALMAP pd= ok=1
Cmd: compileSnippet
  api=0 type=0 insize=1152 outsize=5237 kw=LIGHTMAP_OFF DIRLIGHTMAP_COMBINED DYNAMICLIGHTMAP_OFF UNITY_HDR_ON pd= ok=1
Cmd: compileSnippet
  api=0 type=0 insize=1152 outsize=5577 kw=LIGHTMAP_OFF DIRLIGHTMAP_COMBINED DYNAMICLIGHTMAP_ON UNITY_HDR_ON _NORMALMAP pd= ok=1
Cmd: compileSnippet
  api=0 type=1 insize=1152 outsize=6 kw=LIGHTMAP_OFF DIRLIGHTMAP_COMBINED DYNAMICLIGHTMAP_OFF pd= ok=1
Cmd: compileSnippet
  api=0 type=1 insize=1152 outsize=6 kw=LIGHTMAP_OFF DIRLIGHTMAP_COMBINED DYNAMICLIGHTMAP_ON _NORMALMAP pd= ok=1
Cmd: compileSnippet
  api=0 type=1 insize=1152 outsize=6 kw=LIGHTMAP_OFF DIRLIGHTMAP_OFF DYNAMICLIGHTMAP_OFF UNITY_HDR_ON _NORMALMAP pd= ok=1
Cmd: compileSnippet
  api=0 type=1 insize=1152 outsize=6 kw=LIGHTMAP_OFF DIRLIGHTMAP_SEPARATE DYNAMICLIGHTMAP_OFF UNITY_HDR_ON pd= ok=1
Cmd: compileSnippet
  api=0 type=0 insize=886 outsize=6887 kw=DIRECTIONAL SHADOWS_SCREEN LIGHTMAP_OFF DIRLIGHTMAP_OFF DYNAMICLIGHTMAP_OFF VERTEXLIGHT_ON pd= ok=1
Cmd: compileSnippet
  api=0 type=0 insize=886 outsize=8227 kw=DIRECTIONAL SHADOWS_SCREEN LIGHTMAP_OFF DIRLIGHTMAP_OFF DYNAMICLIGHTMAP_OFF VERTEXLIGHT_ON _NORMALMAP pd= ok=1
Cmd: compileSnippet
  api=0 type=1 insize=886 outsize=6 kw=DIRECTIONAL SHADOWS_SCREEN LIGHTMAP_OFF DIRLIGHTMAP_OFF DYNAMICLIGHTMAP_OFF _NORMALMAP pd= ok=1
Cmd: compileSnippet
  api=0 type=0 insize=816 outsize=4973 kw=POINT_COOKIE SHADOWS_OFF pd= ok=1
Cmd: compileSnippet
  api=0 type=0 insize=816 outsize=5277 kw=DIRECTIONAL_COOKIE SHADOWS_SCREEN pd= ok=1
Cmd: compileSnippet
  api=0 type=0 insize=816 outsize=4861 kw=DIRECTIONAL SHADOWS_OFF _NORMALMAP pd= ok=1
Cmd: compileSnippet
  api=0 type=0 insize=816 outsize=5095 kw=DIRECTIONAL_COOKIE SHADOWS_OFF _NORMALMAP pd= ok=1
Cmd: compileSnippet
  api=0 type=0 insize=816 outsize=5534 kw=DIRECTIONAL_COOKIE SHADOWS_SCREEN _NORMALMAP pd= ok=1
Cmd: compileSnippet
  api=0 type=1 insize=816 outsize=6 kw=SPOT SHADOWS_OFF pd= ok=1
Cmd: compileSnippet
  api=0 type=1 insize=816 outsize=6 kw=SPOT SHADOWS_DEPTH SHADOWS_NATIVE pd= ok=1
Cmd: compileSnippet
  api=0 type=1 insize=816 outsize=6 kw=POINT_COOKIE SHADOWS_CUBE pd= ok=1
Cmd: compileSnippet
  api=0 type=1 insize=816 outsize=6 kw=POINT_COOKIE SHADOWS_OFF _NORMALMAP pd= ok=1
Cmd: compileSnippet
  api=0 type=1 insize=816 outsize=6 kw=DIRECTIONAL_COOKIE SHADOWS_SCREEN _NORMALMAP pd= ok=1
Cmd: compileSnippet
  api=0 type=0 insize=13030 outsize=5524 kw=UNITY_COLORSPACE_GAMMA _SUNDISK_NONE pd= ok=1
Cmd: compileSnippet
  api=0 type=0 insize=13030 outsize=6430 kw=UNITY_COLORSPACE_GAMMA _SUNDISK_HIGH_QUALITY pd= ok=1
Cmd: compileSnippet
  api=0 type=1 insize=13030 outsize=6 kw=_SUNDISK_HIGH_QUALITY pd= ok=1
Cmd: compileSnippet
  api=0 type=0 insize=7058 outsize=2281 kw=DIRECTIONAL SHADOWS_OFF LIGHTMAP_OFF DIRLIGHTMAP_COMBINED DYNAMICLIGHTMAP_ON pd= ok=1
Cmd: compileSnippet
  api=0 type=0 insize=7058 outsize=3594 kw=DIRECTIONAL SHADOWS_OFF LIGHTMAP_OFF DIRLIGHTMAP_OFF DYNAMICLIGHTMAP_OFF VERTEXLIGHT_ON pd= ok=1
Cmd: compileSnippet
  api=0 type=1 insize=7058 outsize=6 kw=DIRECTIONAL SHADOWS_OFF LIGHTMAP_OFF DIRLIGHTMAP_COMBINED DYNAMICLIGHTMAP_ON pd= ok=1
Cmd: compileSnippet
  api=0 type=0 insize=3804 outsize=1547 kw=DIRECTIONAL pd= ok=1
Cmd: compileSnippet
  api=0 type=0 insize=3804 outsize=1778 kw=DIRECTIONAL_COOKIE pd= ok=1
Cmd: compileSnippet
  api=0 type=1 insize=3804 outsize=6 kw=SPOT pd= ok=1
Cmd: compileSnippet
  api=0 type=0 insize=6071 outsize=3218 kw=LIGHTMAP_OFF DIRLIGHTMAP_COMBINED DYNAMICLIGHTMAP_ON UNITY_HDR_ON pd= ok=1
Cmd: compileSnippet
  api=0 type=1 insize=6071 outsize=6 kw=LIGHTMAP_OFF DIRLIGHTMAP_COMBINED DYNAMICLIGHTMAP_ON UNITY_HDR_ON pd= ok=1
Cmd: compileSnippet
  api=0 type=0 insize=6135 outsize=2579 kw=LIGHTMAP_OFF DIRLIGHTMAP_COMBINED DYNAMICLIGHTMAP_ON UNITY_HDR_ON pd= ok=1
Cmd: compileSnippet
  api=0 type=1 insize=6135 outsize=6 kw=LIGHTMAP_OFF DIRLIGHTMAP_OFF DYNAMICLIGHTMAP_OFF UNITY_HDR_ON pd= ok=1
Cmd: compileSnippet
  api=0 type=0 insize=4027 outsize=2400 kw=SPOT pd= ok=1
Cmd: compileSnippet
  api=0 type=0 insize=7271 outsize=4647 kw=DIRECTIONAL SHADOWS_SCREEN LIGHTMAP_OFF DIRLIGHTMAP_OFF DYNAMICLIGHTMAP_OFF pd= ok=1
Cmd: compileSnippet
  api=0 type=0 insize=7271 outsize=4543 kw=DIRECTIONAL SHADOWS_SCREEN LIGHTMAP_OFF DIRLIGHTMAP_COMBINED DYNAMICLIGHTMAP_ON VERTEXLIGHT_ON pd= ok=1
Cmd: compileSnippet
  api=0 type=1 insize=7271 outsize=6 kw=DIRECTIONAL SHADOWS_OFF LIGHTMAP_OFF DIRLIGHTMAP_COMBINED DYNAMICLIGHTMAP_ON pd= ok=1
Cmd: compileSnippet
  api=0 type=0 insize=4017 outsize=3799 kw=SPOT pd= ok=1
Cmd: compileSnippet
  api=0 type=1 insize=4017 outsize=6 kw=DIRECTIONAL pd= ok=1
Cmd: compileSnippet
  api=0 type=0 insize=6285 outsize=4595 kw=LIGHTMAP_OFF DIRLIGHTMAP_OFF DYNAMICLIGHTMAP_OFF UNITY_HDR_ON pd= ok=1
Cmd: compileSnippet
  api=0 type=1 insize=6285 outsize=6 kw=LIGHTMAP_OFF DIRLIGHTMAP_COMBINED DYNAMICLIGHTMAP_ON HDR_LIGHT_PREPASS_OFF pd= ok=1
Cmd: compileSnippet
  api=0 type=0 insize=4069 outsize=2311 kw=POINT pd= ok=1
Cmd: compileSnippet
  api=0 type=1 insize=4069 outsize=6 kw=SPOT pd= ok=1
Cmd: compileSnippet
  api=0 type=0 insize=7662 outsize=4520 kw=DIRECTIONAL SHADOWS_OFF LIGHTMAP_OFF DIRLIGHTMAP_COMBINED DYNAMICLIGHTMAP_ON pd= ok=1
Cmd: compileSnippet
  api=0 type=0 insize=7662 outsize=5865 kw=DIRECTIONAL SHADOWS_OFF LIGHTMAP_OFF DIRLIGHTMAP_OFF DYNAMICLIGHTMAP_OFF VERTEXLIGHT_ON pd= ok=1
Cmd: compileSnippet
  api=0 type=1 insize=7662 outsize=6 kw=DIRECTIONAL SHADOWS_SCREEN LIGHTMAP_OFF DIRLIGHTMAP_OFF DYNAMICLIGHTMAP_OFF pd= ok=1
Cmd: compileSnippet
  api=0 type=0 insize=4408 outsize=4192 kw=POINT_COOKIE pd= ok=1
Cmd: compileSnippet
  api=0 type=1 insize=4408 outsize=6 kw=DIRECTIONAL pd= ok=1
Cmd: compileSnippet
  api=0 type=0 insize=6676 outsize=5453 kw=LIGHTMAP_OFF DIRLIGHTMAP_COMBINED DYNAMICLIGHTMAP_ON HDR_LIGHT_PREPASS_OFF pd= ok=1
Cmd: compileSnippet
  api=0 type=1 insize=6676 outsize=6 kw=LIGHTMAP_OFF DIRLIGHTMAP_COMBINED DYNAMICLIGHTMAP_ON HDR_LIGHT_PREPASS_OFF pd= ok=1
Cmd: compileSnippet
  api=0 type=0 insize=3589 outsize=3066 kw=SHADOWS_CUBE pd= ok=1
Cmd: compileSnippet
  api=0 type=0 insize=65047 outsize=4018 kw=DIRECTIONAL SHADOWS_SCREEN LIGHTMAP_OFF DIRLIGHTMAP_COMBINED DYNAMICLIGHTMAP_ON pd= ok=1
Cmd: compileSnippet
  api=0 type=0 insize=65047 outsize=5428 kw=DIRECTIONAL SHADOWS_SCREEN LIGHTMAP_OFF DIRLIGHTMAP_OFF DYNAMICLIGHTMAP_OFF VERTEXLIGHT_ON pd= ok=1
Cmd: compileSnippet
  api=0 type=0 insize=65047 outsize=5902 kw=DIRECTIONAL SHADOWS_SCREEN LIGHTMAP_OFF DIRLIGHTMAP_COMBINED DYNAMICLIGHTMAP_ON _TERRAIN_NORMAL_MAP pd= ok=1
Cmd: compileSnippet
  api=0 type=0 insize=65047 outsize=5902 kw=DIRECTIONAL SHADOWS_SCREEN LIGHTMAP_OFF DIRLIGHTMAP_COMBINED DYNAMICLIGHTMAP_ON VERTEXLIGHT_ON _TERRAIN_NORMAL_MAP pd= ok=1
Cmd: compileSnippet
  api=0 type=1 insize=65047 outsize=6 kw=DIRECTIONAL SHADOWS_SCREEN LIGHTMAP_OFF DIRLIGHTMAP_OFF DYNAMICLIGHTMAP_OFF pd= ok=1
Cmd: compileSnippet
  api=0 type=1 insize=65047 outsize=6 kw=DIRECTIONAL SHADOWS_SCREEN LIGHTMAP_OFF DIRLIGHTMAP_OFF DYNAMICLIGHTMAP_OFF _TERRAIN_NORMAL_MAP pd= ok=1
Cmd: compileSnippet
  api=0 type=0 insize=41221 outsize=3322 kw=SPOT pd= ok=1
Cmd: compileSnippet
  api=0 type=0 insize=41221 outsize=4625 kw=DIRECTIONAL _TERRAIN_NORMAL_MAP pd= ok=1
Cmd: compileSnippet
  api=0 type=0 insize=41221 outsize=4860 kw=DIRECTIONAL_COOKIE _TERRAIN_NORMAL_MAP pd= ok=1
Cmd: compileSnippet
  api=0 type=1 insize=41221 outsize=6 kw=POINT_COOKIE pd= ok=1
Cmd: compileSnippet
  api=0 type=1 insize=41221 outsize=6 kw=SPOT _TERRAIN_NORMAL_MAP pd= ok=1
Cmd: compileSnippet
  api=0 type=0 insize=57091 outsize=4061 kw=LIGHTMAP_OFF DIRLIGHTMAP_OFF DYNAMICLIGHTMAP_OFF UNITY_HDR_ON pd= ok=1
Cmd: compileSnippet
  api=0 type=0 insize=57091 outsize=4501 kw=LIGHTMAP_OFF DIRLIGHTMAP_COMBINED DYNAMICLIGHTMAP_ON UNITY_HDR_ON _TERRAIN_NORMAL_MAP pd= ok=1
Cmd: compileSnippet
  api=0 type=1 insize=57091 outsize=6 kw=LIGHTMAP_OFF DIRLIGHTMAP_OFF DYNAMICLIGHTMAP_OFF UNITY_HDR_ON pd= ok=1
Cmd: compileSnippet
  api=0 type=1 insize=57091 outsize=6 kw=LIGHTMAP_OFF DIRLIGHTMAP_COMBINED DYNAMICLIGHTMAP_ON UNITY_HDR_ON _TERRAIN_NORMAL_MAP pd= ok=1
Cmd: compileSnippet
  api=0 type=0 insize=61585 outsize=4054 kw=LIGHTMAP_OFF DIRLIGHTMAP_COMBINED DYNAMICLIGHTMAP_ON UNITY_HDR_ON pd= ok=1
Cmd: compileSnippet
  api=0 type=0 insize=61585 outsize=6121 kw=LIGHTMAP_OFF DIRLIGHTMAP_OFF DYNAMICLIGHTMAP_OFF HDR_LIGHT_PREPASS_OFF _TERRAIN_NORMAL_MAP pd= ok=1
Cmd: compileSnippet
  api=0 type=1 insize=61585 outsize=6 kw=LIGHTMAP_OFF DIRLIGHTMAP_OFF DYNAMICLIGHTMAP_OFF UNITY_HDR_ON pd= ok=1
Cmd: compileSnippet
  api=0 type=1 insize=61585 outsize=6 kw=LIGHTMAP_OFF DIRLIGHTMAP_COMBINED DYNAMICLIGHTMAP_ON HDR_LIGHT_PREPASS_OFF _TERRAIN_NORMAL_MAP pd= ok=1
Cmd: compileSnippet
  api=0 type=1 insize=37210 outsize=6 kw=_TERRAIN_NORMAL_MAP pd= ok=1
Cmd: compileSnippet
  api=0 type=0 insize=31775 outsize=4018 kw=DIRECTIONAL SHADOWS_SCREEN LIGHTMAP_OFF DIRLIGHTMAP_COMBINED DYNAMICLIGHTMAP_ON pd= ok=1
Cmd: compileSnippet
  api=0 type=0 insize=31775 outsize=4018 kw=DIRECTIONAL SHADOWS_SCREEN LIGHTMAP_OFF DIRLIGHTMAP_COMBINED DYNAMICLIGHTMAP_ON VERTEXLIGHT_ON pd= ok=1
Cmd: compileSnippet
  api=0 type=1 insize=31775 outsize=6 kw=DIRECTIONAL SHADOWS_SCREEN LIGHTMAP_OFF DIRLIGHTMAP_COMBINED DYNAMICLIGHTMAP_ON pd= ok=1
Cmd: compileSnippet
  api=0 type=0 insize=18512 outsize=3266 kw=POINT_COOKIE pd= ok=1
Cmd: compileSnippet
  api=0 type=1 insize=18512 outsize=6 kw=DIRECTIONAL pd= ok=1
Cmd: compileSnippet
  api=0 type=1 insize=18512 outsize=6 kw=DIRECTIONAL_COOKIE pd= ok=1
Cmd: compileSnippet
  api=0 type=0 insize=27566 outsize=4461 kw=LIGHTMAP_OFF DIRLIGHTMAP_COMBINED DYNAMICLIGHTMAP_ON HDR_LIGHT_PREPASS_OFF pd= ok=1
Cmd: compileSnippet
  api=0 type=1 insize=27566 outsize=6 kw=LIGHTMAP_OFF DIRLIGHTMAP_OFF DYNAMICLIGHTMAP_OFF UNITY_HDR_ON pd= ok=1
Cmd: compileSnippet
  api=0 type=0 insize=28456 outsize=4245 kw=LIGHTMAP_OFF DIRLIGHTMAP_COMBINED DYNAMICLIGHTMAP_ON HDR_LIGHT_PREPASS_OFF pd= ok=1
Cmd: compileSnippet
  api=0 type=1 insize=28456 outsize=6 kw=LIGHTMAP_OFF DIRLIGHTMAP_COMBINED DYNAMICLIGHTMAP_ON UNITY_HDR_ON pd= ok=1
Cmd: compileSnippet
  api=0 type=0 insize=64711 outsize=4109 kw=DIRECTIONAL SHADOWS_SCREEN LIGHTMAP_OFF DIRLIGHTMAP_OFF DYNAMICLIGHTMAP_OFF pd= ok=1
Cmd: compileSnippet
  api=0 type=0 insize=64711 outsize=3470 kw=DIRECTIONAL SHADOWS_OFF LIGHTMAP_OFF DIRLIGHTMAP_COMBINED DYNAMICLIGHTMAP_ON VERTEXLIGHT_ON pd= ok=1
Cmd: compileSnippet
  api=0 type=0 insize=64711 outsize=5473 kw=DIRECTIONAL SHADOWS_OFF LIGHTMAP_OFF DIRLIGHTMAP_OFF DYNAMICLIGHTMAP_OFF _TERRAIN_NORMAL_MAP pd= ok=1
Cmd: compileSnippet
  api=0 type=0 insize=64711 outsize=6661 kw=DIRECTIONAL SHADOWS_OFF LIGHTMAP_OFF DIRLIGHTMAP_OFF DYNAMICLIGHTMAP_OFF VERTEXLIGHT_ON _TERRAIN_NORMAL_MAP pd= ok=1
Cmd: compileSnippet
  api=0 type=1 insize=64711 outsize=6 kw=DIRECTIONAL SHADOWS_SCREEN LIGHTMAP_OFF DIRLIGHTMAP_COMBINED DYNAMICLIGHTMAP_ON pd= ok=1
Cmd: compileSnippet
  api=0 type=1 insize=64711 outsize=6 kw=DIRECTIONAL SHADOWS_OFF LIGHTMAP_OFF DIRLIGHTMAP_OFF DYNAMICLIGHTMAP_OFF _TERRAIN_NORMAL_MAP pd= ok=1
Cmd: compileSnippet
  api=0 type=0 insize=40885 outsize=3236 kw=SPOT pd= ok=1
Cmd: compileSnippet
  api=0 type=0 insize=40885 outsize=4540 kw=DIRECTIONAL _TERRAIN_NORMAL_MAP pd= ok=1
Cmd: compileSnippet
  api=0 type=0 insize=40885 outsize=4775 kw=DIRECTIONAL_COOKIE _TERRAIN_NORMAL_MAP pd= ok=1
Cmd: compileSnippet
  api=0 type=1 insize=40885 outsize=6 kw=SPOT pd= ok=1
Cmd: compileSnippet
  api=0 type=1 insize=40885 outsize=6 kw=DIRECTIONAL _TERRAIN_NORMAL_MAP pd= ok=1
Cmd: compileSnippet
  api=0 type=0 insize=34810 outsize=3926 kw=_TERRAIN_NORMAL_MAP pd= ok=1
Cmd: compileSnippet
  api=0 type=0 insize=56755 outsize=4380 kw=LIGHTMAP_OFF DIRLIGHTMAP_COMBINED DYNAMICLIGHTMAP_ON HDR_LIGHT_PREPASS_OFF pd= ok=1
Cmd: compileSnippet
  api=0 type=0 insize=56755 outsize=4416 kw=LIGHTMAP_OFF DIRLIGHTMAP_COMBINED DYNAMICLIGHTMAP_ON UNITY_HDR_ON _TERRAIN_NORMAL_MAP pd= ok=1
Cmd: compileSnippet
  api=0 type=1 insize=56755 outsize=6 kw=LIGHTMAP_OFF DIRLIGHTMAP_COMBINED DYNAMICLIGHTMAP_ON UNITY_HDR_ON pd= ok=1
Cmd: compileSnippet
  api=0 type=1 insize=56755 outsize=6 kw=LIGHTMAP_OFF DIRLIGHTMAP_COMBINED DYNAMICLIGHTMAP_ON UNITY_HDR_ON _TERRAIN_NORMAL_MAP pd= ok=1
Cmd: compileSnippet
  api=0 type=0 insize=61249 outsize=4000 kw=LIGHTMAP_OFF DIRLIGHTMAP_OFF DYNAMICLIGHTMAP_OFF UNITY_HDR_ON pd= ok=1
Cmd: compileSnippet
  api=0 type=0 insize=61249 outsize=5839 kw=LIGHTMAP_OFF DIRLIGHTMAP_OFF DYNAMICLIGHTMAP_OFF UNITY_HDR_ON _TERRAIN_NORMAL_MAP pd= ok=1
Cmd: compileSnippet
  api=0 type=1 insize=61249 outsize=6 kw=LIGHTMAP_OFF DIRLIGHTMAP_OFF DYNAMICLIGHTMAP_OFF UNITY_HDR_ON pd= ok=1
Cmd: compileSnippet
  api=0 type=1 insize=61249 outsize=6 kw=LIGHTMAP_OFF DIRLIGHTMAP_COMBINED DYNAMICLIGHTMAP_ON UNITY_HDR_ON _TERRAIN_NORMAL_MAP pd= ok=1
Cmd: compileSnippet
  api=0 type=1 insize=36874 outsize=6 kw=_TERRAIN_NORMAL_MAP pd= ok=1
Cmd: compileSnippet
  api=0 type=0 insize=31607 outsize=3932 kw=DIRECTIONAL SHADOWS_SCREEN LIGHTMAP_OFF DIRLIGHTMAP_COMBINED DYNAMICLIGHTMAP_ON pd= ok=1
Cmd: compileSnippet
  api=0 type=0 insize=31607 outsize=5269 kw=DIRECTIONAL SHADOWS_SCREEN LIGHTMAP_OFF DIRLIGHTMAP_OFF DYNAMICLIGHTMAP_OFF VERTEXLIGHT_ON pd= ok=1
Cmd: compileSnippet
  api=0 type=1 insize=31607 outsize=6 kw=DIRECTIONAL SHADOWS_SCREEN LIGHTMAP_OFF DIRLIGHTMAP_OFF DYNAMICLIGHTMAP_OFF pd= ok=1
Cmd: compileSnippet
  api=0 type=0 insize=18344 outsize=3236 kw=SPOT pd= ok=1
Cmd: compileSnippet
  api=0 type=1 insize=18344 outsize=6 kw=SPOT pd= ok=1
Cmd: compileSnippet
  api=0 type=0 insize=27398 outsize=3980 kw=LIGHTMAP_OFF DIRLIGHTMAP_OFF DYNAMICLIGHTMAP_OFF UNITY_HDR_ON pd= ok=1
Cmd: compileSnippet
  api=0 type=1 insize=27398 outsize=6 kw=LIGHTMAP_OFF DIRLIGHTMAP_COMBINED DYNAMICLIGHTMAP_ON HDR_LIGHT_PREPASS_OFF pd= ok=1
Cmd: compileSnippet
  api=0 type=0 insize=28288 outsize=4159 kw=LIGHTMAP_OFF DIRLIGHTMAP_COMBINED DYNAMICLIGHTMAP_ON HDR_LIGHT_PREPASS_OFF pd= ok=1
Cmd: compileSnippet
  api=0 type=1 insize=28288 outsize=6 kw=LIGHTMAP_OFF DIRLIGHTMAP_COMBINED DYNAMICLIGHTMAP_ON UNITY_HDR_ON pd= ok=1
Cmd: compileSnippet
  api=0 type=0 insize=66838 outsize=4503 kw=DIRECTIONAL SHADOWS_SCREEN LIGHTMAP_OFF DIRLIGHTMAP_OFF DYNAMICLIGHTMAP_OFF pd= ok=1
Cmd: compileSnippet
  api=0 type=0 insize=66838 outsize=4326 kw=DIRECTIONAL SHADOWS_SCREEN LIGHTMAP_OFF DIRLIGHTMAP_COMBINED DYNAMICLIGHTMAP_ON VERTEXLIGHT_ON pd= ok=1
Cmd: compileSnippet
  api=0 type=0 insize=66838 outsize=6431 kw=DIRECTIONAL SHADOWS_SCREEN LIGHTMAP_OFF DIRLIGHTMAP_OFF DYNAMICLIGHTMAP_OFF _TERRAIN_NORMAL_MAP pd= ok=1
Cmd: compileSnippet
  api=0 type=0 insize=66838 outsize=7622 kw=DIRECTIONAL SHADOWS_SCREEN LIGHTMAP_OFF DIRLIGHTMAP_OFF DYNAMICLIGHTMAP_OFF VERTEXLIGHT_ON _TERRAIN_NORMAL_MAP pd= ok=1
Cmd: compileSnippet
  api=0 type=1 insize=66838 outsize=6 kw=DIRECTIONAL SHADOWS_SCREEN LIGHTMAP_OFF DIRLIGHTMAP_OFF DYNAMICLIGHTMAP_OFF pd= ok=1
Cmd: compileSnippet
  api=0 type=1 insize=66838 outsize=6 kw=DIRECTIONAL SHADOWS_OFF LIGHTMAP_OFF DIRLIGHTMAP_OFF DYNAMICLIGHTMAP_OFF _TERRAIN_NORMAL_MAP pd= ok=1
Cmd: compileSnippet
  api=0 type=0 insize=42676 outsize=3123 kw=DIRECTIONAL pd= ok=1
Cmd: compileSnippet
  api=0 type=0 insize=42676 outsize=3350 kw=DIRECTIONAL_COOKIE pd= ok=1
Cmd: compileSnippet
  api=0 type=0 insize=42676 outsize=5339 kw=POINT_COOKIE _TERRAIN_NORMAL_MAP pd= ok=1
Cmd: compileSnippet
  api=0 type=1 insize=42676 outsize=6 kw=POINT_COOKIE pd= ok=1
Cmd: compileSnippet
  api=0 type=1 insize=42676 outsize=6 kw=DIRECTIONAL _TERRAIN_NORMAL_MAP pd= ok=1
Cmd: compileSnippet
  api=0 type=1 insize=42676 outsize=6 kw=POINT_COOKIE _TERRAIN_NORMAL_MAP pd= ok=1
Cmd: compileSnippet
  api=0 type=0 insize=57882 outsize=4076 kw=LIGHTMAP_OFF DIRLIGHTMAP_OFF DYNAMICLIGHTMAP_OFF UNITY_HDR_ON pd= ok=1
Cmd: compileSnippet
  api=0 type=0 insize=57882 outsize=4039 kw=LIGHTMAP_OFF DIRLIGHTMAP_OFF DYNAMICLIGHTMAP_OFF HDR_LIGHT_PREPASS_OFF _TERRAIN_NORMAL_MAP pd= ok=1
Cmd: compileSnippet
  api=0 type=1 insize=57882 outsize=6 kw=LIGHTMAP_OFF DIRLIGHTMAP_COMBINED DYNAMICLIGHTMAP_ON HDR_LIGHT_PREPASS_OFF pd= ok=1
Cmd: compileSnippet
  api=0 type=1 insize=57882 outsize=6 kw=LIGHTMAP_OFF DIRLIGHTMAP_OFF DYNAMICLIGHTMAP_OFF HDR_LIGHT_PREPASS_OFF _TERRAIN_NORMAL_MAP pd= ok=1
Cmd: compileSnippet
  api=0 type=0 insize=63376 outsize=4098 kw=LIGHTMAP_OFF DIRLIGHTMAP_COMBINED DYNAMICLIGHTMAP_ON UNITY_HDR_ON pd= ok=1
Cmd: compileSnippet
  api=0 type=0 insize=63376 outsize=6161 kw=LIGHTMAP_OFF DIRLIGHTMAP_OFF DYNAMICLIGHTMAP_OFF HDR_LIGHT_PREPASS_OFF _TERRAIN_NORMAL_MAP pd= ok=1
Cmd: compileSnippet
  api=0 type=1 insize=63376 outsize=6 kw=LIGHTMAP_OFF DIRLIGHTMAP_OFF DYNAMICLIGHTMAP_OFF UNITY_HDR_ON pd= ok=1
Cmd: compileSnippet
  api=0 type=1 insize=63376 outsize=6 kw=LIGHTMAP_OFF DIRLIGHTMAP_OFF DYNAMICLIGHTMAP_OFF HDR_LIGHT_PREPASS_OFF _TERRAIN_NORMAL_MAP pd= ok=1
Cmd: compileSnippet
  api=0 type=0 insize=37977 outsize=5266 kw=_TERRAIN_NORMAL_MAP pd= ok=1
Cmd: compileSnippet
  api=0 type=0 insize=67174 outsize=3913 kw=DIRECTIONAL SHADOWS_OFF LIGHTMAP_OFF DIRLIGHTMAP_COMBINED DYNAMICLIGHTMAP_ON pd= ok=1
Cmd: compileSnippet
  api=0 type=0 insize=67174 outsize=5309 kw=DIRECTIONAL SHADOWS_OFF LIGHTMAP_OFF DIRLIGHTMAP_OFF DYNAMICLIGHTMAP_OFF VERTEXLIGHT_ON pd= ok=1
Cmd: compileSnippet
  api=0 type=0 insize=67174 outsize=5864 kw=DIRECTIONAL SHADOWS_OFF LIGHTMAP_OFF DIRLIGHTMAP_COMBINED DYNAMICLIGHTMAP_ON _TERRAIN_NORMAL_MAP pd= ok=1
Cmd: compileSnippet
  api=0 type=0 insize=67174 outsize=5864 kw=DIRECTIONAL SHADOWS_OFF LIGHTMAP_OFF DIRLIGHTMAP_COMBINED DYNAMICLIGHTMAP_ON VERTEXLIGHT_ON _TERRAIN_NORMAL_MAP pd= ok=1
Cmd: compileSnippet
  api=0 type=1 insize=67174 outsize=6 kw=DIRECTIONAL SHADOWS_OFF LIGHTMAP_OFF DIRLIGHTMAP_COMBINED DYNAMICLIGHTMAP_ON pd= ok=1
Cmd: compileSnippet
  api=0 type=1 insize=67174 outsize=6 kw=DIRECTIONAL SHADOWS_SCREEN LIGHTMAP_OFF DIRLIGHTMAP_OFF DYNAMICLIGHTMAP_OFF _TERRAIN_NORMAL_MAP pd= ok=1
Cmd: compileSnippet
  api=0 type=0 insize=43012 outsize=3644 kw=POINT_COOKIE pd= ok=1
Cmd: compileSnippet
  api=0 type=0 insize=43012 outsize=5497 kw=SPOT _TERRAIN_NORMAL_MAP pd= ok=1
Cmd: compileSnippet
  api=0 type=1 insize=43012 outsize=6 kw=SPOT pd= ok=1
Cmd: compileSnippet
  api=0 type=1 insize=43012 outsize=6 kw=SPOT _TERRAIN_NORMAL_MAP pd= ok=1
Cmd: compileSnippet
  api=0 type=0 insize=58218 outsize=4157 kw=LIGHTMAP_OFF DIRLIGHTMAP_OFF DYNAMICLIGHTMAP_OFF UNITY_HDR_ON pd= ok=1
Cmd: compileSnippet
  api=0 type=0 insize=58218 outsize=4120 kw=LIGHTMAP_OFF DIRLIGHTMAP_OFF DYNAMICLIGHTMAP_OFF HDR_LIGHT_PREPASS_OFF _TERRAIN_NORMAL_MAP pd= ok=1
Cmd: compileSnippet
  api=0 type=1 insize=58218 outsize=6 kw=LIGHTMAP_OFF DIRLIGHTMAP_COMBINED DYNAMICLIGHTMAP_ON HDR_LIGHT_PREPASS_OFF pd= ok=1
Cmd: compileSnippet
  api=0 type=1 insize=58218 outsize=6 kw=LIGHTMAP_OFF DIRLIGHTMAP_OFF DYNAMICLIGHTMAP_OFF UNITY_HDR_ON _TERRAIN_NORMAL_MAP pd= ok=1
Cmd: compileSnippet
  api=0 type=0 insize=63712 outsize=4214 kw=LIGHTMAP_OFF DIRLIGHTMAP_OFF DYNAMICLIGHTMAP_OFF UNITY_HDR_ON pd= ok=1
Cmd: compileSnippet
  api=0 type=0 insize=63712 outsize=6055 kw=LIGHTMAP_OFF DIRLIGHTMAP_OFF DYNAMICLIGHTMAP_OFF UNITY_HDR_ON _TERRAIN_NORMAL_MAP pd= ok=1
Cmd: compileSnippet
  api=0 type=1 insize=63712 outsize=6 kw=LIGHTMAP_OFF DIRLIGHTMAP_OFF DYNAMICLIGHTMAP_OFF UNITY_HDR_ON pd= ok=1
Cmd: compileSnippet
  api=0 type=1 insize=63712 outsize=6 kw=LIGHTMAP_OFF DIRLIGHTMAP_OFF DYNAMICLIGHTMAP_OFF HDR_LIGHT_PREPASS_OFF _TERRAIN_NORMAL_MAP pd= ok=1
Cmd: compileSnippet
  api=0 type=0 insize=38313 outsize=5406 kw=_TERRAIN_NORMAL_MAP pd= ok=1
Cmd: compileSnippet
  api=0 type=0 insize=7129 outsize=2535 kw=DIRECTIONAL SHADOWS_OFF LIGHTMAP_OFF DIRLIGHTMAP_COMBINED DYNAMICLIGHTMAP_ON pd= ok=1
Cmd: compileSnippet
  api=0 type=0 insize=7129 outsize=3848 kw=DIRECTIONAL SHADOWS_OFF LIGHTMAP_OFF DIRLIGHTMAP_OFF DYNAMICLIGHTMAP_OFF VERTEXLIGHT_ON pd= ok=1
Cmd: compileSnippet
  api=0 type=1 insize=7129 outsize=6 kw=DIRECTIONAL SHADOWS_OFF LIGHTMAP_OFF DIRLIGHTMAP_COMBINED DYNAMICLIGHTMAP_ON pd= ok=1
Cmd: compileSnippet
  api=0 type=0 insize=3858 outsize=2299 kw=SPOT pd= ok=1
Cmd: compileSnippet
  api=0 type=1 insize=3858 outsize=6 kw=SPOT pd= ok=1
Cmd: compileSnippet
  api=0 type=0 insize=6043 outsize=3211 kw=LIGHTMAP_OFF DIRLIGHTMAP_COMBINED DYNAMICLIGHTMAP_ON UNITY_HDR_ON pd= ok=1
Cmd: compileSnippet
  api=0 type=1 insize=6043 outsize=6 kw=LIGHTMAP_OFF DIRLIGHTMAP_OFF DYNAMICLIGHTMAP_OFF UNITY_HDR_ON pd= ok=1
Cmd: compileSnippet
  api=0 type=0 insize=6231 outsize=2619 kw=LIGHTMAP_OFF DIRLIGHTMAP_OFF DYNAMICLIGHTMAP_OFF UNITY_HDR_ON pd= ok=1
Cmd: compileSnippet
  api=0 type=1 insize=6231 outsize=6 kw=LIGHTMAP_OFF DIRLIGHTMAP_COMBINED DYNAMICLIGHTMAP_ON UNITY_HDR_ON pd= ok=1
Cmd: compileSnippet
  api=0 type=0 insize=70382 outsize=10482 kw=DIRECTIONAL SHADOWS_OFF LIGHTMAP_OFF DIRLIGHTMAP_COMBINED DYNAMICLIGHTMAP_ON VERTEXLIGHT_ON pd= ok=1
Cmd: compileSnippet
  api=0 type=0 insize=70382 outsize=12522 kw=DIRECTIONAL SHADOWS_OFF LIGHTMAP_OFF DIRLIGHTMAP_OFF DYNAMICLIGHTMAP_OFF _TERRAIN_NORMAL_MAP pd= ok=1
Cmd: compileSnippet
  api=0 type=0 insize=70382 outsize=13710 kw=DIRECTIONAL SHADOWS_OFF LIGHTMAP_OFF DIRLIGHTMAP_OFF DYNAMICLIGHTMAP_OFF VERTEXLIGHT_ON _TERRAIN_NORMAL_MAP pd= ok=1
Cmd: compileSnippet
  api=0 type=1 insize=70382 outsize=6 kw=DIRECTIONAL SHADOWS_SCREEN LIGHTMAP_OFF DIRLIGHTMAP_OFF DYNAMICLIGHTMAP_OFF _TERRAIN_NORMAL_MAP pd= ok=1
Cmd: compileSnippet
  api=0 type=0 insize=46248 outsize=5734 kw=DIRECTIONAL SHADOWS_OFF pd= ok=1
Cmd: compileSnippet
  api=0 type=0 insize=46248 outsize=6612 kw=SPOT SHADOWS_DEPTH SHADOWS_NATIVE pd= ok=1
Cmd: compileSnippet
  api=0 type=0 insize=46248 outsize=7100 kw=SPOT SHADOWS_DEPTH SHADOWS_SOFT SHADOWS_NATIVE pd= ok=1
Cmd: compileSnippet
  api=0 type=0 insize=46248 outsize=7515 kw=DIRECTIONAL SHADOWS_OFF _TERRAIN_NORMAL_MAP pd= ok=1
Cmd: compileSnippet
  api=0 type=0 insize=46248 outsize=7750 kw=DIRECTIONAL_COOKIE SHADOWS_OFF _TERRAIN_NORMAL_MAP pd= ok=1
Cmd: compileSnippet
  api=0 type=0 insize=46248 outsize=8543 kw=POINT SHADOWS_CUBE _TERRAIN_NORMAL_MAP pd= ok=1
Cmd: compileSnippet
  api=0 type=0 insize=46248 outsize=9612 kw=POINT_COOKIE SHADOWS_CUBE SHADOWS_SOFT _TERRAIN_NORMAL_MAP pd= ok=1
Cmd: compileSnippet
  api=0 type=1 insize=46248 outsize=6 kw=POINT_COOKIE SHADOWS_OFF pd= ok=1
Cmd: compileSnippet
  api=0 type=1 insize=46248 outsize=6 kw=SPOT SHADOWS_DEPTH SHADOWS_NATIVE pd= ok=1
Cmd: compileSnippet
  api=0 type=1 insize=46248 outsize=6 kw=POINT SHADOWS_CUBE SHADOWS_SOFT pd= ok=1
Cmd: compileSnippet
  api=0 type=1 insize=46248 outsize=6 kw=POINT_COOKIE SHADOWS_OFF _TERRAIN_NORMAL_MAP pd= ok=1
Cmd: compileSnippet
  api=0 type=1 insize=46248 outsize=6 kw=DIRECTIONAL_COOKIE SHADOWS_SCREEN _TERRAIN_NORMAL_MAP pd= ok=1
Cmd: compileSnippet
  api=0 type=1 insize=46248 outsize=6 kw=POINT SHADOWS_CUBE SHADOWS_SOFT _TERRAIN_NORMAL_MAP pd= ok=1
Cmd: compileSnippet
  api=0 type=0 insize=66920 outsize=5212 kw=LIGHTMAP_OFF DIRLIGHTMAP_COMBINED DYNAMICLIGHTMAP_ON UNITY_HDR_ON pd= ok=1
Cmd: compileSnippet
  api=0 type=0 insize=66920 outsize=7467 kw=LIGHTMAP_OFF DIRLIGHTMAP_COMBINED DYNAMICLIGHTMAP_ON HDR_LIGHT_PREPASS_OFF _TERRAIN_NORMAL_MAP pd= ok=1
Cmd: compileSnippet
  api=0 type=1 insize=66920 outsize=6 kw=LIGHTMAP_OFF DIRLIGHTMAP_OFF DYNAMICLIGHTMAP_OFF UNITY_HDR_ON pd= ok=1
Cmd: compileSnippet
  api=0 type=1 insize=66920 outsize=6 kw=LIGHTMAP_OFF DIRLIGHTMAP_OFF DYNAMICLIGHTMAP_OFF UNITY_HDR_ON _TERRAIN_NORMAL_MAP pd= ok=1
Cmd: compileSnippet
  api=0 type=0 insize=70718 outsize=11237 kw=DIRECTIONAL SHADOWS_SCREEN LIGHTMAP_OFF DIRLIGHTMAP_OFF DYNAMICLIGHTMAP_OFF pd= ok=1
Cmd: compileSnippet
  api=0 type=0 insize=70718 outsize=12470 kw=DIRECTIONAL SHADOWS_SCREEN LIGHTMAP_OFF DIRLIGHTMAP_OFF DYNAMICLIGHTMAP_OFF VERTEXLIGHT_ON pd= ok=1
Cmd: compileSnippet
  api=0 type=0 insize=70718 outsize=12993 kw=DIRECTIONAL SHADOWS_SCREEN LIGHTMAP_OFF DIRLIGHTMAP_COMBINED DYNAMICLIGHTMAP_ON _TERRAIN_NORMAL_MAP pd= ok=1
Cmd: compileSnippet
  api=0 type=0 insize=70718 outsize=12993 kw=DIRECTIONAL SHADOWS_SCREEN LIGHTMAP_OFF DIRLIGHTMAP_COMBINED DYNAMICLIGHTMAP_ON VERTEXLIGHT_ON _TERRAIN_NORMAL_MAP pd= ok=1
Cmd: compileSnippet
  api=0 type=1 insize=70718 outsize=6 kw=DIRECTIONAL SHADOWS_SCREEN LIGHTMAP_OFF DIRLIGHTMAP_OFF DYNAMICLIGHTMAP_OFF pd= ok=1
Cmd: compileSnippet
  api=0 type=1 insize=70718 outsize=6 kw=DIRECTIONAL SHADOWS_OFF LIGHTMAP_OFF DIRLIGHTMAP_OFF DYNAMICLIGHTMAP_OFF _TERRAIN_NORMAL_MAP pd= ok=1
Cmd: compileSnippet
  api=0 type=0 insize=46584 outsize=6247 kw=POINT_COOKIE SHADOWS_OFF pd= ok=1
Cmd: compileSnippet
  api=0 type=0 insize=46584 outsize=6312 kw=DIRECTIONAL SHADOWS_SCREEN pd= ok=1
Cmd: compileSnippet
  api=0 type=0 insize=46584 outsize=6966 kw=POINT_COOKIE SHADOWS_CUBE pd= ok=1
Cmd: compileSnippet
  api=0 type=0 insize=46584 outsize=7948 kw=POINT SHADOWS_OFF _TERRAIN_NORMAL_MAP pd= ok=1
Cmd: compileSnippet
  api=0 type=0 insize=46584 outsize=8032 kw=POINT_COOKIE SHADOWS_OFF _TERRAIN_NORMAL_MAP pd= ok=1
Cmd: compileSnippet
  api=0 type=0 insize=46584 outsize=8628 kw=POINT SHADOWS_CUBE _TERRAIN_NORMAL_MAP pd= ok=1
Cmd: compileSnippet
  api=0 type=0 insize=46584 outsize=9697 kw=POINT_COOKIE SHADOWS_CUBE SHADOWS_SOFT _TERRAIN_NORMAL_MAP pd= ok=1
Cmd: compileSnippet
  api=0 type=1 insize=46584 outsize=6 kw=POINT_COOKIE SHADOWS_OFF pd= ok=1
Cmd: compileSnippet
  api=0 type=1 insize=46584 outsize=6 kw=DIRECTIONAL_COOKIE SHADOWS_SCREEN pd= ok=1
Cmd: compileSnippet
  api=0 type=1 insize=46584 outsize=6 kw=POINT SHADOWS_CUBE SHADOWS_SOFT pd= ok=1
Cmd: compileSnippet
  api=0 type=1 insize=46584 outsize=6 kw=POINT SHADOWS_OFF _TERRAIN_NORMAL_MAP pd= ok=1
Cmd: compileSnippet
  api=0 type=1 insize=46584 outsize=6 kw=DIRECTIONAL_COOKIE SHADOWS_OFF _TERRAIN_NORMAL_MAP pd= ok=1
Cmd: compileSnippet
  api=0 type=1 insize=46584 outsize=6 kw=POINT SHADOWS_CUBE _TERRAIN_NORMAL_MAP pd= ok=1
Cmd: compileSnippet
  api=0 type=0 insize=67256 outsize=5525 kw=LIGHTMAP_OFF DIRLIGHTMAP_COMBINED DYNAMICLIGHTMAP_ON HDR_LIGHT_PREPASS_OFF pd= ok=1
Cmd: compileSnippet
  api=0 type=0 insize=67256 outsize=7551 kw=LIGHTMAP_OFF DIRLIGHTMAP_COMBINED DYNAMICLIGHTMAP_ON HDR_LIGHT_PREPASS_OFF _TERRAIN_NORMAL_MAP pd= ok=1
Cmd: compileSnippet
  api=0 type=1 insize=67256 outsize=6 kw=LIGHTMAP_OFF DIRLIGHTMAP_COMBINED DYNAMICLIGHTMAP_ON UNITY_HDR_ON pd= ok=1
Cmd: compileSnippet
  api=0 type=1 insize=67256 outsize=6 kw=LIGHTMAP_OFF DIRLIGHTMAP_OFF DYNAMICLIGHTMAP_OFF HDR_LIGHT_PREPASS_OFF _TERRAIN_NORMAL_MAP pd= ok=1
Cmd: compileSnippet
  api=0 type=0 insize=41889 outsize=6053 kw=_TERRAIN_NORMAL_MAP pd= ok=1
Cmd: compileSnippet
  api=0 type=0 insize=7364 outsize=9701 kw=DIRECTIONAL SHADOWS_OFF LIGHTMAP_OFF DIRLIGHTMAP_OFF DYNAMICLIGHTMAP_OFF VERTEXLIGHT_ON pd= ok=1
Cmd: compileSnippet
  api=0 type=0 insize=7364 outsize=8817 kw=DIRECTIONAL SHADOWS_SCREEN LIGHTMAP_OFF DIRLIGHTMAP_COMBINED DYNAMICLIGHTMAP_ON VERTEXLIGHT_ON pd= ok=1
Cmd: compileSnippet
  api=0 type=1 insize=7364 outsize=6 kw=DIRECTIONAL SHADOWS_SCREEN LIGHTMAP_OFF DIRLIGHTMAP_OFF DYNAMICLIGHTMAP_OFF pd= ok=1
Cmd: compileSnippet
  api=0 type=0 insize=4107 outsize=4051 kw=SPOT SHADOWS_OFF pd= ok=1
Cmd: compileSnippet
  api=0 type=0 insize=4107 outsize=4246 kw=DIRECTIONAL_COOKIE SHADOWS_SCREEN pd= ok=1
Cmd: compileSnippet
  api=0 type=0 insize=4107 outsize=4915 kw=SPOT SHADOWS_DEPTH SHADOWS_SOFT SHADOWS_NATIVE pd= ok=1
Cmd: compileSnippet
  api=0 type=1 insize=4107 outsize=6 kw=DIRECTIONAL SHADOWS_OFF pd= ok=1
Cmd: compileSnippet
  api=0 type=1 insize=4107 outsize=6 kw=DIRECTIONAL_COOKIE SHADOWS_OFF pd= ok=1
Cmd: compileSnippet
  api=0 type=1 insize=4107 outsize=6 kw=POINT SHADOWS_CUBE pd= ok=1
Cmd: compileSnippet
  api=0 type=1 insize=4107 outsize=6 kw=POINT_COOKIE SHADOWS_CUBE SHADOWS_SOFT pd= ok=1
Cmd: compileSnippet
  api=0 type=0 insize=6466 outsize=2873 kw=LIGHTMAP_OFF DIRLIGHTMAP_COMBINED DYNAMICLIGHTMAP_ON UNITY_HDR_ON pd= ok=1
Cmd: compileSnippet
  api=0 type=1 insize=6466 outsize=6 kw=LIGHTMAP_OFF DIRLIGHTMAP_COMBINED DYNAMICLIGHTMAP_ON HDR_LIGHT_PREPASS_OFF pd= ok=1
Cmd: compileSnippet
  api=0 type=1 insize=577 outsize=6 kw=SHADOWS_CUBE pd= ok=1
Cmd: compileSnippet
  api=0 type=0 insize=6914 outsize=2649 kw=DIRECTIONAL SHADOWS_SCREEN LIGHTMAP_OFF DIRLIGHTMAP_COMBINED DYNAMICLIGHTMAP_ON pd= ok=1
Cmd: compileSnippet
  api=0 type=0 insize=5952 outsize=2692 kw=LIGHTMAP_OFF DIRLIGHTMAP_OFF DYNAMICLIGHTMAP_OFF UNITY_HDR_ON pd= ok=1
Cmd: compileSnippet
  api=0 type=1 insize=5952 outsize=6 kw=LIGHTMAP_OFF DIRLIGHTMAP_COMBINED DYNAMICLIGHTMAP_ON HDR_LIGHT_PREPASS_OFF pd= ok=1
Cmd: compileSnippet
  api=0 type=0 insize=6016 outsize=2595 kw=LIGHTMAP_OFF DIRLIGHTMAP_COMBINED DYNAMICLIGHTMAP_ON HDR_LIGHT_PREPASS_OFF pd= ok=1
Cmd: compileSnippet
  api=0 type=1 insize=6016 outsize=6 kw=LIGHTMAP_OFF DIRLIGHTMAP_OFF DYNAMICLIGHTMAP_OFF HDR_LIGHT_PREPASS_OFF pd= ok=1
Cmd: compileSnippet
  api=0 type=0 insize=9538 outsize=5713 kw=WATER_SIMPLE WATER_VERTEX_DISPLACEMENT_ON WATER_EDGEBLEND_ON pd= ok=1
Cmd: compileSnippet
  api=0 type=1 insize=9538 outsize=6 kw=WATER_SIMPLE WATER_VERTEX_DISPLACEMENT_ON WATER_EDGEBLEND_OFF pd= ok=1
Cmd: compileSnippet
  api=0 type=1 insize=9538 outsize=6 kw=WATER_REFLECTIVE WATER_EDGEBLEND_OFF WATER_VERTEX_DISPLACEMENT_OFF pd= ok=1
Cmd: compileSnippet
  api=0 type=0 insize=9540 outsize=4572 kw=WATER_SIMPLE WATER_VERTEX_DISPLACEMENT_ON WATER_EDGEBLEND_OFF pd= ok=1
Cmd: compileSnippet
  api=0 type=0 insize=9540 outsize=2840 kw=WATER_REFLECTIVE WATER_EDGEBLEND_OFF WATER_VERTEX_DISPLACEMENT_OFF pd= ok=1
Cmd: compileSnippet
  api=0 type=1 insize=9540 outsize=6 kw=WATER_SIMPLE WATER_VERTEX_DISPLACEMENT_ON WATER_EDGEBLEND_OFF pd= ok=1
Cmd: compileSnippet
  api=0 type=1 insize=9540 outsize=6 kw=WATER_SIMPLE WATER_EDGEBLEND_OFF WATER_VERTEX_DISPLACEMENT_OFF pd= ok=1
Cmd: compileSnippet
  api=0 type=1 insize=4597 outsize=6 kw=POINT pd= ok=1
Cmd: compileSnippet
  api=0 type=0 insize=6924 outsize=2223 kw=DIRECTIONAL SHADOWS_OFF LIGHTMAP_OFF DIRLIGHTMAP_COMBINED DYNAMICLIGHTMAP_ON VERTEXLIGHT_ON pd= ok=1
Cmd: compileSnippet
  api=0 type=0 insize=6924 outsize=2681 kw=DIRECTIONAL SHADOWS_SCREEN LIGHTMAP_OFF DIRLIGHTMAP_COMBINED DYNAMICLIGHTMAP_ON VERTEXLIGHT_ON pd= ok=1
Cmd: compileSnippet
  api=0 type=1 insize=6924 outsize=6 kw=DIRECTIONAL SHADOWS_SCREEN LIGHTMAP_OFF DIRLIGHTMAP_COMBINED DYNAMICLIGHTMAP_ON pd= ok=1
Cmd: compileSnippet
  api=0 type=0 insize=3695 outsize=1903 kw=POINT_COOKIE pd= ok=1
Cmd: compileSnippet
  api=0 type=1 insize=3695 outsize=6 kw=DIRECTIONAL_COOKIE pd= ok=1
Cmd: compileSnippet
  api=0 type=0 insize=5962 outsize=3124 kw=LIGHTMAP_OFF DIRLIGHTMAP_COMBINED DYNAMICLIGHTMAP_ON HDR_LIGHT_PREPASS_OFF pd= ok=1
Cmd: compileSnippet
  api=0 type=1 insize=5962 outsize=6 kw=LIGHTMAP_OFF DIRLIGHTMAP_COMBINED DYNAMICLIGHTMAP_ON UNITY_HDR_ON pd= ok=1
Cmd: compileSnippet
  api=0 type=0 insize=6026 outsize=2539 kw=LIGHTMAP_OFF DIRLIGHTMAP_OFF DYNAMICLIGHTMAP_OFF UNITY_HDR_ON pd= ok=1
Cmd: compileSnippet
  api=0 type=1 insize=6026 outsize=6 kw=LIGHTMAP_OFF DIRLIGHTMAP_COMBINED DYNAMICLIGHTMAP_ON UNITY_HDR_ON pd= ok=1
Cmd: compileSnippet
  api=0 type=0 insize=1275 outsize=2533 kw=DIRECTIONAL SHADOWS_OFF pd= ok=1
Cmd: compileSnippet
  api=0 type=0 insize=1275 outsize=2785 kw=DIRECTIONAL_COOKIE SHADOWS_OFF pd= ok=1
Cmd: compileSnippet
  api=0 type=0 insize=1275 outsize=3266 kw=POINT SHADOWS_CUBE pd= ok=1
Cmd: compileSnippet
  api=0 type=0 insize=1275 outsize=4413 kw=POINT_COOKIE SHADOWS_CUBE SHADOWS_SOFT pd= ok=1
Cmd: compileSnippet
  api=0 type=1 insize=1275 outsize=6 kw=POINT_COOKIE SHADOWS_OFF pd= ok=1
Cmd: compileSnippet
  api=0 type=1 insize=1275 outsize=6 kw=DIRECTIONAL_COOKIE SHADOWS_SCREEN pd= ok=1
Cmd: compileSnippet
  api=0 type=1 insize=1275 outsize=6 kw=POINT SHADOWS_CUBE SHADOWS_SOFT pd= ok=1
Cmd: compileSnippet
  api=0 type=0 insize=1268 outsize=3054 kw=SPOT SHADOWS_OFF pd= ok=1
Cmd: compileSnippet
  api=0 type=0 insize=1268 outsize=2840 kw=DIRECTIONAL SHADOWS_SCREEN pd= ok=1
Cmd: compileSnippet
  api=0 type=0 insize=1268 outsize=3477 kw=POINT_COOKIE SHADOWS_CUBE pd= ok=1
Cmd: compileSnippet
  api=0 type=1 insize=1268 outsize=6 kw=DIRECTIONAL SHADOWS_OFF pd= ok=1
Cmd: compileSnippet
  api=0 type=1 insize=1268 outsize=6 kw=DIRECTIONAL SHADOWS_SCREEN pd= ok=1
Cmd: compileSnippet
  api=0 type=1 insize=1268 outsize=6 kw=POINT_COOKIE SHADOWS_CUBE pd= ok=1
Cmd: compileSnippet
  api=0 type=0 insize=1273 outsize=2971 kw=POINT_COOKIE SHADOWS_OFF pd= ok=1
Cmd: compileSnippet
  api=0 type=0 insize=1273 outsize=2845 kw=DIRECTIONAL SHADOWS_SCREEN pd= ok=1
Cmd: compileSnippet
  api=0 type=0 insize=1273 outsize=3482 kw=POINT_COOKIE SHADOWS_CUBE pd= ok=1
Cmd: compileSnippet
  api=0 type=1 insize=1273 outsize=6 kw=DIRECTIONAL SHADOWS_OFF pd= ok=1
Cmd: compileSnippet
  api=0 type=1 insize=1273 outsize=6 kw=DIRECTIONAL_COOKIE SHADOWS_SCREEN pd= ok=1
Cmd: compileSnippet
  api=0 type=1 insize=1273 outsize=6 kw=SPOT SHADOWS_DEPTH SHADOWS_SOFT SHADOWS_NATIVE pd= ok=1
Cmd: compileSnippet
  api=0 type=0 insize=1934 outsize=3591 kw=DIRECTIONAL SHADOWS_OFF pd= ok=1
Cmd: compileSnippet
  api=0 type=0 insize=1934 outsize=3860 kw=DIRECTIONAL_COOKIE SHADOWS_OFF pd= ok=1
Cmd: compileSnippet
  api=0 type=0 insize=1934 outsize=4358 kw=POINT SHADOWS_CUBE pd= ok=1
Cmd: compileSnippet
  api=0 type=0 insize=1934 outsize=5499 kw=POINT_COOKIE SHADOWS_CUBE SHADOWS_SOFT pd= ok=1
Cmd: compileSnippet
  api=0 type=0 insize=1934 outsize=4835 kw=SPOT SHADOWS_DEPTH SHADOWS_NATIVE UNITY_HDR_ON pd= ok=1
Cmd: compileSnippet
  api=0 type=0 insize=1934 outsize=4569 kw=POINT_COOKIE SHADOWS_CUBE UNITY_HDR_ON pd= ok=1
Cmd: compileSnippet
  api=0 type=1 insize=1934 outsize=6 kw=DIRECTIONAL SHADOWS_OFF pd= ok=1
Cmd: compileSnippet
  api=0 type=1 insize=1934 outsize=6 kw=DIRECTIONAL SHADOWS_SCREEN pd= ok=1
Cmd: compileSnippet
  api=0 type=1 insize=1934 outsize=6 kw=SPOT SHADOWS_DEPTH SHADOWS_SOFT SHADOWS_NATIVE pd= ok=1
Cmd: compileSnippet
  api=0 type=1 insize=1934 outsize=6 kw=DIRECTIONAL SHADOWS_OFF UNITY_HDR_ON pd= ok=1
Cmd: compileSnippet
  api=0 type=1 insize=1934 outsize=6 kw=SPOT SHADOWS_DEPTH SHADOWS_NATIVE UNITY_HDR_ON pd= ok=1
Cmd: compileSnippet
  api=0 type=1 insize=1934 outsize=6 kw=POINT SHADOWS_CUBE UNITY_HDR_ON pd= ok=1
Cmd: compileSnippet
  api=0 type=1 insize=1934 outsize=6 kw=POINT SHADOWS_CUBE SHADOWS_SOFT UNITY_HDR_ON pd= ok=1
End of pipe

Quitting shader compiler process
